<?xml version="1.0" encoding="UTF-8"?>
<testsuite xmlns:xsi="http://www.w3.org/2001/XMLSchema-instance" xsi:noNamespaceSchemaLocation="https://maven.apache.org/surefire/maven-surefire-plugin/xsd/surefire-test-report.xsd" name="TransferTest" time="0.001" tests="6" errors="0" skipped="0" failures="0">
  <properties>
    <property name="java.specification.version" value="19"/>
    <property name="sun.cpu.isalist" value="amd64"/>
    <property name="sun.jnu.encoding" value="Cp1252"/>
    <property name="java.class.path" value="C:\Users\TolgaSanli\IdeaProjects\OOS_Praktikum\OOS_Pr5_3Versuch\target\test-classes;C:\Users\TolgaSanli\IdeaProjects\OOS_Praktikum\OOS_Pr5_3Versuch\target\classes;C:\Users\TolgaSanli\.m2\repository\org\junit\jupiter\junit-jupiter\5.8.0\junit-jupiter-5.8.0.jar;C:\Users\TolgaSanli\.m2\repository\org\junit\jupiter\junit-jupiter-api\5.8.0\junit-jupiter-api-5.8.0.jar;C:\Users\TolgaSanli\.m2\repository\org\opentest4j\opentest4j\1.2.0\opentest4j-1.2.0.jar;C:\Users\TolgaSanli\.m2\repository\org\junit\platform\junit-platform-commons\1.8.0\junit-platform-commons-1.8.0.jar;C:\Users\TolgaSanli\.m2\repository\org\apiguardian\apiguardian-api\1.1.2\apiguardian-api-1.1.2.jar;C:\Users\TolgaSanli\.m2\repository\org\junit\jupiter\junit-jupiter-params\5.8.0\junit-jupiter-params-5.8.0.jar;C:\Users\TolgaSanli\.m2\repository\org\junit\jupiter\junit-jupiter-engine\5.8.0\junit-jupiter-engine-5.8.0.jar;C:\Users\TolgaSanli\.m2\repository\org\junit\platform\junit-platform-engine\1.8.0\junit-platform-engine-1.8.0.jar;C:\Users\TolgaSanli\.m2\repository\com\google\code\gson\gson\2.10\gson-2.10.jar;C:\Users\TolgaSanli\.m2\repository\org\openjfx\javafx-controls\19\javafx-controls-19.jar;C:\Users\TolgaSanli\.m2\repository\org\openjfx\javafx-controls\19\javafx-controls-19-win.jar;C:\Users\TolgaSanli\.m2\repository\org\openjfx\javafx-graphics\19\javafx-graphics-19.jar;C:\Users\TolgaSanli\.m2\repository\org\openjfx\javafx-graphics\19\javafx-graphics-19-win.jar;C:\Users\TolgaSanli\.m2\repository\org\openjfx\javafx-base\19\javafx-base-19.jar;C:\Users\TolgaSanli\.m2\repository\org\openjfx\javafx-base\19\javafx-base-19-win.jar;C:\Users\TolgaSanli\.m2\repository\org\openjfx\javafx-fxml\19\javafx-fxml-19.jar;C:\Users\TolgaSanli\.m2\repository\org\openjfx\javafx-fxml\19\javafx-fxml-19-win.jar;"/>
    <property name="java.vm.vendor" value="Oracle Corporation"/>
    <property name="sun.arch.data.model" value="64"/>
    <property name="user.variant" value=""/>
    <property name="java.vendor.url" value="https://java.oracle.com/"/>
    <property name="user.timezone" value="GMT+01:00"/>
    <property name="os.name" value="Windows 10"/>
    <property name="java.vm.specification.version" value="19"/>
    <property name="sun.java.launcher" value="SUN_STANDARD"/>
    <property name="user.country" value="DE"/>
    <property name="sun.boot.library.path" value="C:\Users\TolgaSanli\.jdks\openjdk-19\bin"/>
    <property name="sun.java.command" value="C:\Users\TOLGAS~1\AppData\Local\Temp\surefire10029067534734349248\surefirebooter15079980587024847870.jar C:\Users\TolgaSanli\AppData\Local\Temp\surefire10029067534734349248 2022-12-19T21-02-04_894-jvmRun1 surefire2294826794817097914tmp surefire_0144055377291206648tmp"/>
    <property name="jdk.debug" value="release"/>
    <property name="surefire.test.class.path" value="C:\Users\TolgaSanli\IdeaProjects\OOS_Praktikum\OOS_Pr5_3Versuch\target\test-classes;C:\Users\TolgaSanli\IdeaProjects\OOS_Praktikum\OOS_Pr5_3Versuch\target\classes;C:\Users\TolgaSanli\.m2\repository\org\junit\jupiter\junit-jupiter\5.8.0\junit-jupiter-5.8.0.jar;C:\Users\TolgaSanli\.m2\repository\org\junit\jupiter\junit-jupiter-api\5.8.0\junit-jupiter-api-5.8.0.jar;C:\Users\TolgaSanli\.m2\repository\org\opentest4j\opentest4j\1.2.0\opentest4j-1.2.0.jar;C:\Users\TolgaSanli\.m2\repository\org\junit\platform\junit-platform-commons\1.8.0\junit-platform-commons-1.8.0.jar;C:\Users\TolgaSanli\.m2\repository\org\apiguardian\apiguardian-api\1.1.2\apiguardian-api-1.1.2.jar;C:\Users\TolgaSanli\.m2\repository\org\junit\jupiter\junit-jupiter-params\5.8.0\junit-jupiter-params-5.8.0.jar;C:\Users\TolgaSanli\.m2\repository\org\junit\jupiter\junit-jupiter-engine\5.8.0\junit-jupiter-engine-5.8.0.jar;C:\Users\TolgaSanli\.m2\repository\org\junit\platform\junit-platform-engine\1.8.0\junit-platform-engine-1.8.0.jar;C:\Users\TolgaSanli\.m2\repository\com\google\code\gson\gson\2.10\gson-2.10.jar;C:\Users\TolgaSanli\.m2\repository\org\openjfx\javafx-controls\19\javafx-controls-19.jar;C:\Users\TolgaSanli\.m2\repository\org\openjfx\javafx-controls\19\javafx-controls-19-win.jar;C:\Users\TolgaSanli\.m2\repository\org\openjfx\javafx-graphics\19\javafx-graphics-19.jar;C:\Users\TolgaSanli\.m2\repository\org\openjfx\javafx-graphics\19\javafx-graphics-19-win.jar;C:\Users\TolgaSanli\.m2\repository\org\openjfx\javafx-base\19\javafx-base-19.jar;C:\Users\TolgaSanli\.m2\repository\org\openjfx\javafx-base\19\javafx-base-19-win.jar;C:\Users\TolgaSanli\.m2\repository\org\openjfx\javafx-fxml\19\javafx-fxml-19.jar;C:\Users\TolgaSanli\.m2\repository\org\openjfx\javafx-fxml\19\javafx-fxml-19-win.jar;"/>
    <property name="sun.cpu.endian" value="little"/>
    <property name="user.home" value="C:\Users\TolgaSanli"/>
    <property name="user.language" value="de"/>
    <property name="java.specification.vendor" value="Oracle Corporation"/>
    <property name="java.version.date" value="2022-09-20"/>
    <property name="java.home" value="C:\Users\TolgaSanli\.jdks\openjdk-19"/>
    <property name="file.separator" value="\"/>
    <property name="basedir" value="C:\Users\TolgaSanli\IdeaProjects\OOS_Praktikum\OOS_Pr5_3Versuch"/>
    <property name="java.vm.compressedOopsMode" value="Zero based"/>
    <property name="line.separator" value="&#10;"/>
    <property name="java.vm.specification.vendor" value="Oracle Corporation"/>
    <property name="java.specification.name" value="Java Platform API Specification"/>
    <property name="surefire.real.class.path" value="C:\Users\TOLGAS~1\AppData\Local\Temp\surefire10029067534734349248\surefirebooter15079980587024847870.jar"/>
    <property name="user.script" value=""/>
    <property name="sun.management.compiler" value="HotSpot 64-Bit Tiered Compilers"/>
    <property name="java.runtime.version" value="19+36-2238"/>
    <property name="user.name" value="TolgaSanli"/>
    <property name="stdout.encoding" value="Cp1252"/>
    <property name="path.separator" value=";"/>
    <property name="os.version" value="10.0"/>
    <property name="java.runtime.name" value="OpenJDK Runtime Environment"/>
    <property name="file.encoding" value="UTF-8"/>
    <property name="java.vm.name" value="OpenJDK 64-Bit Server VM"/>
    <property name="localRepository" value="C:\Users\TolgaSanli\.m2\repository"/>
    <property name="java.vendor.url.bug" value="https://bugreport.java.com/bugreport/"/>
    <property name="java.io.tmpdir" value="C:\Users\TOLGAS~1\AppData\Local\Temp\"/>
    <property name="idea.version" value="2022.2.3"/>
    <property name="java.version" value="19"/>
    <property name="user.dir" value="C:\Users\TolgaSanli\IdeaProjects\OOS_Praktikum\OOS_Pr5_3Versuch"/>
    <property name="os.arch" value="amd64"/>
    <property name="java.vm.specification.name" value="Java Virtual Machine Specification"/>
    <property name="sun.os.patch.level" value=""/>
    <property name="native.encoding" value="Cp1252"/>
    <property name="java.library.path" value="C:\Users\TolgaSanli\.jdks\openjdk-19\bin;C:\Windows\Sun\Java\bin;C:\Windows\system32;C:\Windows;C:\Program Files\Microsoft\jdk-11.0.12.7-hotspot\bin;C:\Windows\system32;C:\Windows;C:\Windows\System32\Wbem;C:\Windows\System32\WindowsPowerShell\v1.0\;C:\Windows\System32\OpenSSH\;C:\Program Files\Microsoft SQL Server\150\Tools\Binn\;C:\Program Files\Microsoft SQL Server\Client SDK\ODBC\170\Tools\Binn\;C:\Program Files\Git\cmd;C:\Program Files\dotnet\;C:\Users\TolgaSanli\AppData\Local\Microsoft\WindowsApps;C:\Users\TolgaSanli\.dotnet\tools;C:\Users\TolgaSanli\AppData\Local\gitkraken\bin;C:\Users\TolgaSanli\AppData\Local\Programs\Microsoft VS Code\bin;C:\Users\TolgaSanli\.dotnet\tools;."/>
    <property name="java.vm.info" value="mixed mode, sharing"/>
    <property name="stderr.encoding" value="Cp1252"/>
    <property name="java.vendor" value="Oracle Corporation"/>
    <property name="java.vm.version" value="19+36-2238"/>
    <property name="sun.io.unicode.encoding" value="UnicodeLittle"/>
    <property name="java.class.version" value="63.0"/>
  </properties>
  <testcase name="konstruktorTest" classname="TransferTest" time="0"/>
  <testcase name="calculateTest" classname="TransferTest" time="0"/>
  <testcase name="copyKonstruktorTest" classname="TransferTest" time="0"/>
  <testcase name="equalsTest" classname="TransferTest" time="0"/>
  <testcase name="toStringTest" classname="TransferTest" time="0.001"/>
  <testcase name="setterUndGetterTest" classname="TransferTest" time="0"/>
</testsuite>